       -0.153801       -0.998646        -1.66888
        0.982835       -0.224587        0.301195
        0.742347        0.358716        0.332552
       -0.440351       -0.272833         -1.0836
       0.0359407       -0.253905        -1.14189
       -0.703676       -0.233841        0.111599
        0.590974        0.948621       -0.527267
       -0.249578         1.59326        -1.18182
        -1.79795       -0.267457       -0.685476
      -0.0643278        -1.25326        0.663034
      -0.0790273         1.39299        0.391498
       -0.646624         -1.0353       -0.170469
       -0.470744        0.625581         0.69086
       -0.948984         1.43647       -0.246393
        -1.22199         1.47421        0.675374
        0.921993        -2.43203       -0.576027
       -0.739282        0.880648        0.178429
        0.187929         1.76815        0.906378
         1.43895        0.719563        0.190795
        -1.17562         1.60076        0.288444
     -0.00828805        0.376264        -0.50523
        0.751387       -0.437634       -0.735355
         1.30214       -0.426836        0.532651
      -0.0499997        0.630414         1.58443
      -0.0653644        -1.24194       -0.166407
         -0.4352        -1.28046       -0.421857
      -0.0380135       -0.269533       0.0775065
       -0.285191        -1.39811         1.80001
        0.341114       -0.318174        0.452822
       -0.163552        0.222067       -0.358297
       -0.478604       -0.871321       -0.112529
       0.0526622        0.249329          0.1887
        0.175121         0.15456        0.372926
        -1.37147       -0.727756         0.29191
        0.594191        0.705633         1.02841
       -0.319559       -0.043378         1.49023
       -0.811308        -1.37598         0.11714
         0.91738        0.988125        0.561087
        0.495136       -0.593154        0.942856
     0.000440176        -1.22818       -0.162428
        0.019958        0.558938        -1.29754
       -0.772963       -0.561754        0.444541
       -0.858748       -0.857061         0.07155
         2.46813         1.54494       -0.286964
        -1.81625       -0.064325         0.88731
       -0.157891         0.22794         -1.2938
        0.444891       -0.336148         1.12454
        0.702886       -0.206594       -0.892628
         0.55347       -0.358924        -1.35857
         2.49988       -0.811919       -0.884171
        -1.02014         2.25799       -0.818809
        -0.12868        -0.69545        0.427579
       -0.687664        -1.02132        0.633861
        0.869031         1.96936         0.30966
        0.341279       -0.660157        0.422261
       -0.634896        0.553665        0.274117
        0.302118       0.0402871       0.0501455
       -0.341312        0.801296        -1.94953
       -0.914063        0.114357         1.04637
       -0.392531         1.21995         1.28321
         1.57337      -0.0670766        -1.26564
        0.627531       -0.449337        0.820826
        0.673953        0.677872         1.42288
        0.127634        -2.15459       -0.369267
     -0.00886371        -1.20555        -1.90442
         1.21706          1.3698      -0.0805226
        0.315706       -0.532984       -0.825106
        -1.35808       -0.626059       -0.713549
         -1.6481          1.4175        0.828154
         1.58733       -0.111099        -1.50964
         1.71166      -0.0524297        -1.11272
        0.146645        -1.55125      -0.0644046
        0.403742        0.567284        0.715376
        0.272843         1.60189      -0.0627571
         -0.7297        -0.11022         2.17958
        -1.95359        0.811432        0.344657
        0.899705        -1.49171         0.34397
        0.179824        0.933035        0.745064
         0.64515       -0.481186       -0.579307
      -0.0618598       -0.049323         -1.7227
        -1.51676        0.278881       -0.374647
        -1.03041        -0.81232        0.224556
      -0.0883203       -0.326267        0.327949
        0.903666       -0.296674        0.353696
       -0.118357        0.694895         1.06524
        0.887496        0.892745        -0.06921
       -0.964672        0.212963        0.555568
        0.279239        0.298951         1.91324
         0.66086        -1.28563       -0.122913
       -0.774562        0.244992        -1.42137
         1.25223      -0.0927629       0.0749139
       -0.840617        0.131733        -1.01017
        -2.66791        0.194298       0.0843502
      -0.0789337       0.0819094        -0.47025
        0.205176       -0.252569        0.387755
        0.198298       -0.656324        -0.89787
        0.462639         1.70268       -0.189062
        -1.44778       -0.416063       0.0695881
        -1.84108       -0.606154         1.58426
       0.0333736        0.645639       -0.371189
       0.0335738       -0.306636       -0.633147
        0.856162       -0.808216        0.531939
        0.753421        0.845011        -1.27653
         0.92574        -1.10432        -0.20896
       -0.601739         1.37009         1.43708
         1.49787       -0.086254        -0.73476
         0.87097        -1.69542        -1.56208
        0.239928     -0.00123179        0.921524
